0 info it worked if it ends with ok
1 verbose cli [ 'node', '/bin/npm', 'install', 'XmlHttpRequest' ]
2 info using npm@1.3.6
3 info using node@v0.10.33
4 verbose node symlink /bin/node
5 warn package.json mkdirp@0.3.5 No README data
6 verbose cache add [ 'XmlHttpRequest', null ]
7 verbose cache add name=undefined spec="XmlHttpRequest" args=["XmlHttpRequest",null]
8 verbose parsed url { protocol: null,
8 verbose parsed url   slashes: null,
8 verbose parsed url   auth: null,
8 verbose parsed url   host: null,
8 verbose parsed url   port: null,
8 verbose parsed url   hostname: null,
8 verbose parsed url   hash: null,
8 verbose parsed url   search: null,
8 verbose parsed url   query: null,
8 verbose parsed url   pathname: 'XmlHttpRequest',
8 verbose parsed url   path: 'XmlHttpRequest',
8 verbose parsed url   href: 'XmlHttpRequest' }
9 silly lockFile efe051b8-XmlHttpRequest XmlHttpRequest
10 verbose lock XmlHttpRequest /root/.npm/efe051b8-XmlHttpRequest.lock
11 silly lockFile efe051b8-XmlHttpRequest XmlHttpRequest
12 silly lockFile efe051b8-XmlHttpRequest XmlHttpRequest
13 verbose addNamed [ 'XmlHttpRequest', '' ]
14 verbose addNamed [ null, '*' ]
15 silly lockFile f043fb76-XmlHttpRequest XmlHttpRequest@
16 verbose lock XmlHttpRequest@ /root/.npm/f043fb76-XmlHttpRequest.lock
17 silly addNameRange { name: 'XmlHttpRequest', range: '*', hasData: false }
18 verbose url raw XmlHttpRequest
19 verbose url resolving [ 'https://registry.npmjs.org/', './XmlHttpRequest' ]
20 verbose url resolved https://registry.npmjs.org/XmlHttpRequest
21 info trying registry request attempt 1 at 16:22:48
22 http GET https://registry.npmjs.org/XmlHttpRequest
23 http 404 https://registry.npmjs.org/XmlHttpRequest
24 silly registry.get cb [ 404,
24 silly registry.get   { 'content-type': 'application/json',
24 silly registry.get     'cache-control': 'max-age=0',
24 silly registry.get     'content-length': '2',
24 silly registry.get     'accept-ranges': 'bytes',
24 silly registry.get     date: 'Tue, 15 Dec 2015 15:22:48 GMT',
24 silly registry.get     via: '1.1 varnish',
24 silly registry.get     age: '0',
24 silly registry.get     connection: 'keep-alive',
24 silly registry.get     'x-served-by': 'cache-lcy1128-LCY',
24 silly registry.get     'x-cache': 'MISS',
24 silly registry.get     'x-cache-hits': '0',
24 silly registry.get     'x-timer': 'S1450192968.543305,VS0,VE102' } ]
25 silly addNameRange number 2 { name: 'XmlHttpRequest', range: '*', hasData: true }
26 silly addNameRange versions [ undefined, [] ]
27 error TypeError: Cannot read property 'latest' of undefined
27 error     at next (/usr/lib/node_modules/npm/lib/cache.js:687:35)
27 error     at /usr/lib/node_modules/npm/lib/cache.js:675:5
27 error     at saved (/usr/lib/node_modules/npm-registry-client/lib/get.js:142:7)
27 error     at /usr/lib/node_modules/graceful-fs/polyfills.js:133:7
27 error     at Object.oncomplete (fs.js:107:15)
28 error If you need help, you may report this log at:
28 error     <http://github.com/isaacs/npm/issues>
28 error or email it to:
28 error     <npm-@googlegroups.com>
29 error System Linux 3.14.27-100.fc19.x86_64
30 error command "node" "/bin/npm" "install" "XmlHttpRequest"
31 error cwd /home/lhi/Documents/imerir/Tablut/github_tablut/Tablut/TablutWebServer/tablutServer/nodejsServer
32 error node -v v0.10.33
33 error npm -v 1.3.6
34 error type non_object_property_load
35 verbose exit [ 1, true ]
